<?xml version="1.0" encoding="UTF-8"?>
<!-- Generated by org.testng.reporters.JUnitReportReporter -->
<testsuite skipped="0" hostname="INCHCMLP03299" name="test.api.automation.TC_001_GetMethod" tests="1" failures="0" timestamp="2020-09-01T19:15:38 IST" time="10.093" errors="0">
  <testcase name="tc_001_getMethod_validation" time="10.093" classname="test.api.automation.TC_001_GetMethod"/>
  <system-out/>
</testsuite> <!-- test.api.automation.TC_001_GetMethod -->
