<?xml version="1.0" encoding="UTF-8"?>
<!-- Generated by org.testng.reporters.JUnitReportReporter -->
<testsuite skipped="0" hostname="INCHCMLP03299" name="test.api.automation.RestTest1" tests="1" failures="0" timestamp="2020-09-01T20:55:07 IST" time="15.825" errors="0">
  <testcase name="TC001" time="15.825" classname="test.api.automation.RestTest1"/>
  <system-out/>
</testsuite> <!-- test.api.automation.RestTest1 -->
